[19360:20652:1126/152808:WARNING:data_reduction_proxy_settings.cc(331)] SPDY proxy OFF at startup
[19360:15672:1126/152810:WARNING:message_in_transit_queue.cc(18)] Destroying nonempty message queue
[19360:15672:1126/152810:WARNING:message_in_transit_queue.cc(18)] Destroying nonempty message queue
[19360:15672:1126/152810:WARNING:message_in_transit_queue.cc(18)] Destroying nonempty message queue
[19360:15672:1126/152810:WARNING:message_in_transit_queue.cc(18)] Destroying nonempty message queue
[19360:15672:1126/152810:WARNING:message_in_transit_queue.cc(18)] Destroying nonempty message queue
[19360:15672:1126/152810:WARNING:message_in_transit_queue.cc(18)] Destroying nonempty message queue
[19360:20652:1126/152811:INFO:CONSOLE(87)] "一张网页，要经历怎样的过程，才能抵达用户面前？
一位新人，要经历怎样的成长，才能站在技术之巅？
探寻这里的秘密；
体验这里的挑战；
成为这里的主人；
加入百度，加入网页搜索，你，可以影响世界。
", source: http://s1.bdstatic.com/r/www/cache/static/global/js/all_instant_search1_3d1e51fb.js (87)
[19360:20652:1126/152811:INFO:CONSOLE(87)] "请将简历发送至 %c ps_recruiter@baidu.com（ 邮件标题请以“姓名-应聘XX职位-来自console”命名）", source: http://s1.bdstatic.com/r/www/cache/static/global/js/all_instant_search1_3d1e51fb.js (87)
[19360:20652:1126/152811:INFO:CONSOLE(87)] "职位介绍：http://dwz.cn/hr2013", source: http://s1.bdstatic.com/r/www/cache/static/global/js/all_instant_search1_3d1e51fb.js (87)
[19360:15672:1126/152825:WARNING:message_in_transit_queue.cc(18)] Destroying nonempty message queue
[19360:15672:1126/152825:WARNING:message_in_transit_queue.cc(18)] Destroying nonempty message queue
[19360:15672:1126/152825:WARNING:message_in_transit_queue.cc(18)] Destroying nonempty message queue
[19360:15672:1126/152825:WARNING:message_in_transit_queue.cc(18)] Destroying nonempty message queue
[19360:15672:1126/152825:WARNING:message_in_transit_queue.cc(18)] Destroying nonempty message queue
[19360:15672:1126/152845:WARNING:message_in_transit_queue.cc(18)] Destroying nonempty message queue
[19360:15672:1126/152845:WARNING:message_in_transit_queue.cc(18)] Destroying nonempty message queue
[19360:15672:1126/152845:WARNING:message_in_transit_queue.cc(18)] Destroying nonempty message queue
